<?xml version="1.0" encoding="UTF-8"?>
<testng-results skipped="0" failed="0" ignored="0" total="1" passed="1">
  <reporter-output>
  </reporter-output>
  <suite name="Default suite" duration-ms="20163" started-at="2019-06-28T06:11:12Z" finished-at="2019-06-28T06:11:32Z">
    <groups>
    </groups>
    <test name="Default test" duration-ms="20163" started-at="2019-06-28T06:11:12Z" finished-at="2019-06-28T06:11:32Z">
      <class name="com.qa.test.ScreenRecordDemo">
        <test-method status="PASS" signature="setup()[pri:0, instance:com.qa.test.ScreenRecordDemo@5f2108b5]" name="setup" is-config="true" duration-ms="4398" started-at="2019-06-28T06:11:12Z" finished-at="2019-06-28T06:11:16Z">
          <reporter-output>
          </reporter-output>
        </test-method> <!-- setup -->
        <test-method status="PASS" signature="navigation()[pri:0, instance:com.qa.test.ScreenRecordDemo@5f2108b5]" name="navigation" duration-ms="15549" started-at="2019-06-28T06:11:16Z" finished-at="2019-06-28T06:11:32Z">
          <reporter-output>
          </reporter-output>
        </test-method> <!-- navigation -->
        <test-method status="PASS" signature="teardown()[pri:0, instance:com.qa.test.ScreenRecordDemo@5f2108b5]" name="teardown" is-config="true" duration-ms="186" started-at="2019-06-28T06:11:32Z" finished-at="2019-06-28T06:11:32Z">
          <reporter-output>
          </reporter-output>
        </test-method> <!-- teardown -->
      </class> <!-- com.qa.test.ScreenRecordDemo -->
    </test> <!-- Default test -->
  </suite> <!-- Default suite -->
</testng-results>
